<?xml version="1.0" encoding="UTF-8"?>
<testsuite name="gift.onnuri.chat.RateLimiterTest" tests="3" skipped="0" failures="0" errors="0" timestamp="2026-08-11T00:07:33" hostname="canduk-MacBook-Pro.local" time="0.004">
  <properties/>
  <testcase name="일당_한도를_넘으면_다음_날까지_거부한다()" classname="gift.onnuri.chat.RateLimiterTest" time="0.003"/>
  <testcase name="IP별로_독립_카운트한다()" classname="gift.onnuri.chat.RateLimiterTest" time="0.0"/>
  <testcase name="분당_한도를_넘으면_거부하고_1분_뒤_회복한다()" classname="gift.onnuri.chat.RateLimiterTest" time="0.0"/>
  <system-out><![CDATA[]]></system-out>
  <system-err><![CDATA[]]></system-err>
</testsuite>
